
================================================================
======== txAdmin v7.2.2 atop fxserver 8903 Starting - 28/7/2024 0:48:35
================================================================

================================================================
======== Log Rotated - 28/7/2024 0:48:36                        
================================================================

================================================================
======== txAdmin v7.2.2 atop fxserver 8903 Starting - 28/7/2024 13:43:04
================================================================
[13:47:12][vladimirPuticlub] logged in from 127.0.0.1 via cfxre
[13:47:16][vladimirPuticlub] executed "RESTART SERVER"
[14:12:32][vladimirPuticlub] executed "RESTART SERVER"
[14:13:18][vladimirPuticlub] executed "RESTART SERVER"
[14:19:33][vladimirPuticlub] executed "RESTART SERVER"
[14:23:45][vladimirPuticlub] executed "RESTART SERVER"
[14:25:06][vladimirPuticlub] executed "RESTART SERVER"

================================================================
======== txAdmin v7.2.2 atop fxserver 8903 Starting - 28/7/2024 17:55:53
================================================================
[17:56:33][vladimirPuticlub] logged in from 127.0.0.1 via cfxre
[18:01:13][vladimirPuticlub] executed "RESTART SERVER"
[18:05:32][vladimirPuticlub] executed "RESTART SERVER"
[18:14:39][vladimirPuticlub] executed "ensure "qb-clothing""
[18:36:44][vladimirPuticlub] executed "RESTART SERVER"
[18:44:42][vladimirPuticlub] executed "RESTART SERVER"
[18:47:45][vladimirPuticlub] executed "ensure "karma-interaction""
[18:48:31][vladimirPuticlub] executed "ensure "karma-interaction""
[18:49:42][vladimirPuticlub] executed "ensure "karma-interaction""
[18:50:43][vladimirPuticlub] executed "ensure "karma-interaction""
[19:03:20][vladimirPuticlub] executed "RESTART SERVER"
[19:12:23][vladimirPuticlub] executed "ensure "psv-interaction""
[19:13:02][vladimirPuticlub] executed "ensure "psv-interaction""
[19:13:11][vladimirPuticlub] executed "ensure "psv-interaction""
[19:13:25][vladimirPuticlub] executed "ensure "psv-interaction""
[19:13:42][vladimirPuticlub] executed "ensure "psv-interaction""
[19:15:58][vladimirPuticlub] executed "ensure "psv-interaction""
[19:26:32][vladimirPuticlub] executed "ensure "psv-interaction""
[19:26:55][vladimirPuticlub] executed "RESTART SERVER"
[19:36:53][vladimirPuticlub] executed "RESTART SERVER"
[19:43:33][vladimirPuticlub] executed "ensure "psv-interaction""
[19:48:48][vladimirPuticlub] executed "ensure "psv-interaction""
