
================================================================
======== txAdmin Starting - 1/8/2024 1:34:35                    
================================================================

================================================================
======== Log Rotated - 1/8/2024 1:34:35                         
================================================================
[1:35:25] txAdmin: Logger started
[1:35:46] [TbbQz#1] SrLonganiza: joined with identifiers [license:d2564bd9f174527e1192ca089244188b2dee918e; discord:1247601083501772872; fivem:1087521; license2:31b2e734a1f7dd7e500da1508f32f55a243883d0]
[1:36:42] [TbbQz#1] SrLonganiza: enabled noclip
[1:36:55] [TbbQz#1] SrLonganiza: became mortal (standard mode)
[1:36:57] [TbbQz#1] SrLonganiza: said "/-chat"
[1:36:58] [TbbQz#1] SrLonganiza: enabled noclip
[1:37:01] [TbbQz#1] SrLonganiza: said "/-chat"
[1:37:02] [TbbQz#1] SrLonganiza: became mortal (standard mode)
[1:37:15] [TbbQz#1] SrLonganiza: said "/-chat"
[1:37:17] [TbbQz#1] SrLonganiza: teleported to a waypoint
[1:42:47] [TbbQz#1] SrLonganiza: disconnected (Exiting)

================================================================
======== txAdmin Starting - 1/8/2024 15:09:16                   
================================================================
[15:09:50] txAdmin: Logger started

================================================================
======== txAdmin Starting - 1/8/2024 23:11:34                   
================================================================
[23:11:50] txAdmin: Logger started
[23:17:03] txAdmin: Logger started
[23:17:53] [iYf3K#1] SrLonganiza: joined with identifiers [license:d2564bd9f174527e1192ca089244188b2dee918e; discord:1247601083501772872; fivem:1087521; license2:31b2e734a1f7dd7e500da1508f32f55a243883d0]
[23:19:23] [iYf3K#1] SrLonganiza: said "/-chat"
[23:19:25] [iYf3K#1] SrLonganiza: teleported to coordinates (x=5492.780, y=6004.110, z=590.000)
[23:19:28] [iYf3K#1] SrLonganiza: enabled noclip
[23:19:41] [iYf3K#1] SrLonganiza: said "/-chat"
[23:19:42] [iYf3K#1] SrLonganiza: became mortal (standard mode)
[23:19:51] [iYf3K#1] SrLonganiza: said "/-chat"
[23:20:07] [iYf3K#1] SrLonganiza: spawned a vehicle (model: veto2)
[23:20:35] [iYf3K#1] SrLonganiza: died from suicide (Falling)
[23:20:45] [iYf3K#1] SrLonganiza: enabled noclip
[23:20:55] [iYf3K#1] SrLonganiza: became mortal (standard mode)
[23:20:58] [iYf3K#1] SrLonganiza: disconnected (Exiting)
