
================================================================
======== txAdmin Starting - 31/7/2024 9:10:43                   
================================================================

================================================================
======== Log Rotated - 31/7/2024 9:10:43                        
================================================================
[9:10:58] txAdmin: Logger started
[9:11:52] [4rhQB#1] SrLonganiza: joined with identifiers [license:d2564bd9f174527e1192ca089244188b2dee918e; discord:1247601083501772872; fivem:1087521; license2:31b2e734a1f7dd7e500da1508f32f55a243883d0]
[9:12:50] [4rhQB#1] SrLonganiza: said "/-chat"
[9:12:51] [4rhQB#1] SrLonganiza: enabled noclip
[9:13:26] [4rhQB#1] SrLonganiza: became mortal (standard mode)
[9:15:46] [4rhQB#1] SrLonganiza: said "/-chat"
[9:21:54] [4rhQB#1] SrLonganiza: disconnected (Exiting)

================================================================
======== txAdmin Starting - 31/7/2024 9:22:42                   
================================================================
[9:22:57] txAdmin: Logger started
[9:23:33] [tr4Lc#1] SrLonganiza: joined with identifiers [license:d2564bd9f174527e1192ca089244188b2dee918e; discord:1247601083501772872; fivem:1087521; license2:31b2e734a1f7dd7e500da1508f32f55a243883d0]
[9:24:29] [tr4Lc#1] SrLonganiza: said "/-chat"
[9:24:32] [tr4Lc#1] SrLonganiza: said "/-chat"
[9:24:33] [tr4Lc#1] SrLonganiza: enabled noclip
[9:24:37] [tr4Lc#1] SrLonganiza: became mortal (standard mode)
[9:24:46] [tr4Lc#1] SrLonganiza: said "/-chat"
[9:24:47] [tr4Lc#1] SrLonganiza: enabled noclip
[9:24:54] [tr4Lc#1] SrLonganiza: became mortal (standard mode)
[9:26:29] [tr4Lc#1] SrLonganiza: said "/-chat"
[9:26:30] [tr4Lc#1] SrLonganiza: enabled noclip
[9:26:33] [tr4Lc#1] SrLonganiza: became mortal (standard mode)
[9:26:37] [tr4Lc#1] SrLonganiza: said "/-chat"
[9:26:38] [tr4Lc#1] SrLonganiza: enabled noclip
[9:26:49] [tr4Lc#1] SrLonganiza: became mortal (standard mode)
[9:27:06] [tr4Lc#1] SrLonganiza: said "/-chat"
[9:27:09] [tr4Lc#1] SrLonganiza: teleported to coordinates (x=213.200, y=-796.050, z=30.860)
[9:27:12] [tr4Lc#1] SrLonganiza: teleported to coordinates (x=225.989, y=-894.353, z=18.320)
[9:29:24] [tr4Lc#1] SrLonganiza: said "/-chat"
[9:29:26] [tr4Lc#1] SrLonganiza: said "/-chat"
[9:29:27] [tr4Lc#1] SrLonganiza: enabled noclip
[9:30:01] [tr4Lc#1] SrLonganiza: became mortal (standard mode)
[9:31:19] [tr4Lc#1] SrLonganiza: disconnected (Server shutting down: SIGHUP received)

================================================================
======== txAdmin Starting - 31/7/2024 9:31:38                   
================================================================
[9:31:57] txAdmin: Logger started
[9:32:22] [8fK8p#1] SrLonganiza: joined with identifiers [license:d2564bd9f174527e1192ca089244188b2dee918e; discord:1247601083501772872; fivem:1087521; license2:31b2e734a1f7dd7e500da1508f32f55a243883d0]
[9:34:00] [8fK8p#1] SrLonganiza: said "/-chat"
[9:34:01] [8fK8p#1] SrLonganiza: enabled noclip
[9:34:20] [8fK8p#1] SrLonganiza: became mortal (standard mode)
[9:35:24] [8fK8p#1] SrLonganiza: said "/-chat"
[9:35:30] [8fK8p#1] SrLonganiza: disconnected ([txAdmin] Server restarting (requested by vladimirPuticlub).)
[9:35:53] txAdmin: Logger started
[9:36:18] [mXiHM#1] SrLonganiza: joined with identifiers [license:d2564bd9f174527e1192ca089244188b2dee918e; discord:1247601083501772872; fivem:1087521; license2:31b2e734a1f7dd7e500da1508f32f55a243883d0]
[9:37:14] [mXiHM#1] SrLonganiza: died from suicide (Falling)
[9:37:25] [mXiHM#1] SrLonganiza: said "/revuve ne"
[9:38:04] [mXiHM#1] SrLonganiza: said "/-chat"
[9:41:50] [mXiHM#1] SrLonganiza: said "/-chat"
[9:41:51] [mXiHM#1] SrLonganiza: enabled noclip
[9:41:57] [mXiHM#1] SrLonganiza: became mortal (standard mode)
[9:43:06] [mXiHM#1] SrLonganiza: said "/-chat"
[9:43:09] [mXiHM#1] SrLonganiza: teleported to coordinates (x=-191.981, y=-1162.353, z=23.671)
[9:43:11] [mXiHM#1] SrLonganiza: enabled noclip
[9:43:18] [mXiHM#1] SrLonganiza: became mortal (standard mode)
[9:43:51] [mXiHM#1] SrLonganiza: disconnected (Exiting)
[10:06:05] [mXiHM#2] SrLonganiza: joined with identifiers [license:d2564bd9f174527e1192ca089244188b2dee918e; discord:1247601083501772872; fivem:1087521; license2:31b2e734a1f7dd7e500da1508f32f55a243883d0]
[10:06:59] [mXiHM#2] SrLonganiza: said "/-chat"
[10:07:01] [mXiHM#2] SrLonganiza: enabled noclip
[10:07:14] [mXiHM#2] SrLonganiza: became mortal (standard mode)
[10:07:56] [mXiHM#2] SrLonganiza: said "/-chat"
[10:09:26] [mXiHM#2] SrLonganiza: said "/-chat"
[10:09:27] [mXiHM#2] SrLonganiza: enabled noclip
[10:09:33] [mXiHM#2] SrLonganiza: became mortal (standard mode)
[10:11:25] [mXiHM#2] SrLonganiza: said "/-chat"
[10:12:58] [mXiHM#2] SrLonganiza: said "/-chat"
[10:13:00] [mXiHM#2] SrLonganiza: enabled noclip
[10:13:02] [mXiHM#2] SrLonganiza: became mortal (standard mode)
[10:13:16] [mXiHM#2] SrLonganiza: said "/-chat"
[10:16:11] [mXiHM#2] SrLonganiza: disconnected ([txAdmin] Server restarting (requested by vladimirPuticlub).)
[10:16:35] txAdmin: Logger started
[10:17:02] [9n3wK#1] SrLonganiza: joined with identifiers [license:d2564bd9f174527e1192ca089244188b2dee918e; discord:1247601083501772872; fivem:1087521; license2:31b2e734a1f7dd7e500da1508f32f55a243883d0]
[10:19:17] [9n3wK#1] SrLonganiza: disconnected (Exiting)
[10:19:48] txAdmin: Logger started
[10:21:07] [d8kaQ#1] SrLonganiza: joined with identifiers [license:d2564bd9f174527e1192ca089244188b2dee918e; discord:1247601083501772872; fivem:1087521; license2:31b2e734a1f7dd7e500da1508f32f55a243883d0]
[10:22:25] [d8kaQ#1] SrLonganiza: disconnected (Exiting)
