
================================================================
======== txAdmin Starting - 28/7/2024 0:48:35                   
================================================================

================================================================
======== Log Rotated - 28/7/2024 0:48:36                        
================================================================
[0:49:23] txAdmin: Logger started
[0:49:43] [n3RfF#1] SrLonganiza: joined with identifiers [license:d2564bd9f174527e1192ca089244188b2dee918e; discord:1247601083501772872; fivem:1087521; license2:31b2e734a1f7dd7e500da1508f32f55a243883d0]
[0:53:32] [n3RfF#1] SrLonganiza: said "/-chat"
[0:53:36] [n3RfF#1] SrLonganiza: said "/-chat"
[0:53:38] [n3RfF#1] SrLonganiza: enabled noclip
[0:54:00] [n3RfF#1] SrLonganiza: became mortal (standard mode)
[0:54:07] [n3RfF#1] SrLonganiza: said "/-chat"
[0:54:08] [n3RfF#1] SrLonganiza: enabled noclip
[0:55:45] [n3RfF#1] SrLonganiza: became mortal (standard mode)
[0:56:32] [n3RfF#1] SrLonganiza: disconnected (Exiting)
[1:06:57] [n3RfF#2] SrLonganiza: joined with identifiers [license:d2564bd9f174527e1192ca089244188b2dee918e; discord:1247601083501772872; fivem:1087521; license2:31b2e734a1f7dd7e500da1508f32f55a243883d0]
[1:16:31] [n3RfF#2] SrLonganiza: disconnected (Exiting)
[1:42:03] [n3RfF#3] SrLonganiza: joined with identifiers [license:d2564bd9f174527e1192ca089244188b2dee918e; discord:1247601083501772872; fivem:1087521; license2:31b2e734a1f7dd7e500da1508f32f55a243883d0]
[1:43:37] [n3RfF#3] SrLonganiza: disconnected (Exiting)

================================================================
======== txAdmin Starting - 28/7/2024 13:43:04                  
================================================================
[13:43:50] txAdmin: Logger started
[13:44:17] [3jmre#1] SrLonganiza: joined with identifiers [license:d2564bd9f174527e1192ca089244188b2dee918e; discord:1247601083501772872; fivem:1087521; license2:31b2e734a1f7dd7e500da1508f32f55a243883d0]
[13:45:48] [3jmre#1] SrLonganiza: disconnected (Exiting)
[13:48:01] txAdmin: Logger started
[13:48:46] [GCPzh#1] SrLonganiza: joined with identifiers [license:d2564bd9f174527e1192ca089244188b2dee918e; discord:1247601083501772872; fivem:1087521; license2:31b2e734a1f7dd7e500da1508f32f55a243883d0]
[13:51:53] [GCPzh#1] SrLonganiza: disconnected (Exiting)
[13:52:35] [GCPzh#2] SrLonganiza: joined with identifiers [license:d2564bd9f174527e1192ca089244188b2dee918e; discord:1247601083501772872; fivem:1087521; license2:31b2e734a1f7dd7e500da1508f32f55a243883d0]
[14:05:34] [GCPzh#2] SrLonganiza: disconnected (Exiting)
[14:13:20] txAdmin: Logger started
[14:13:55] txAdmin: Logger started
[14:14:29] [xexQd#1] SrLonganiza: joined with identifiers [license:d2564bd9f174527e1192ca089244188b2dee918e; discord:1247601083501772872; fivem:1087521; license2:31b2e734a1f7dd7e500da1508f32f55a243883d0]
[14:15:35] [xexQd#1] SrLonganiza: disconnected (Exiting)
[14:20:27] txAdmin: Logger started
[14:20:45] [eyAUe#1] SrLonganiza: joined with identifiers [license:d2564bd9f174527e1192ca089244188b2dee918e; discord:1247601083501772872; fivem:1087521; license2:31b2e734a1f7dd7e500da1508f32f55a243883d0]
[14:21:09] [eyAUe#1] SrLonganiza: disconnected (Exiting)
[14:24:38] txAdmin: Logger started
[14:26:00] txAdmin: Logger started
[14:26:36] [PEheC#1] SrLonganiza: joined with identifiers [license:d2564bd9f174527e1192ca089244188b2dee918e; discord:1247601083501772872; fivem:1087521; license2:31b2e734a1f7dd7e500da1508f32f55a243883d0]
[15:22:18] [PEheC#1] SrLonganiza: said "/QUI0T"
[15:22:19] [PEheC#1] SrLonganiza: disconnected (Exiting)

================================================================
======== txAdmin Starting - 28/7/2024 17:55:53                  
================================================================
[17:57:08] txAdmin: Logger started
[17:57:32] [XaVrH#1] SrLonganiza: joined with identifiers [license:d2564bd9f174527e1192ca089244188b2dee918e; discord:1247601083501772872; fivem:1087521; license2:31b2e734a1f7dd7e500da1508f32f55a243883d0]
[18:00:14] [XaVrH#1] SrLonganiza: disconnected (Exiting)
[18:02:08] txAdmin: Logger started
[18:02:28] [M6cG9#1] SrLonganiza: joined with identifiers [license:d2564bd9f174527e1192ca089244188b2dee918e; discord:1247601083501772872; fivem:1087521; license2:31b2e734a1f7dd7e500da1508f32f55a243883d0]
[18:05:32] [M6cG9#1] SrLonganiza: disconnected ([txAdmin] Server restarting (requested by vladimirPuticlub).)
[18:06:28] txAdmin: Logger started
[18:07:27] [96YED#1] SrLonganiza: joined with identifiers [license:d2564bd9f174527e1192ca089244188b2dee918e; discord:1247601083501772872; fivem:1087521; license2:31b2e734a1f7dd7e500da1508f32f55a243883d0]
[18:10:39] [96YED#1] SrLonganiza: said "/-chat"
[18:10:40] [96YED#1] SrLonganiza: enabled noclip
[18:10:43] [96YED#1] SrLonganiza: became mortal (standard mode)
[18:11:01] [96YED#1] SrLonganiza: disconnected (Exiting)
[18:11:46] [96YED#2] SrLonganiza: joined with identifiers [license:d2564bd9f174527e1192ca089244188b2dee918e; discord:1247601083501772872; fivem:1087521; license2:31b2e734a1f7dd7e500da1508f32f55a243883d0]
[18:13:38] [96YED#2] SrLonganiza: said "/-chat"
[18:13:40] [96YED#2] SrLonganiza: teleported to coordinates (x=1693.320, y=4823.480, z=41.060)
[18:18:58] [96YED#2] SrLonganiza: said "/-chat"
[18:19:00] [96YED#2] SrLonganiza: teleported to coordinates (x=-1192.945, y=-772.689, z=17.326)
[18:19:31] [96YED#2] SrLonganiza: disconnected (Exiting)
[18:21:39] [96YED#3] SrLonganiza: joined with identifiers [license:d2564bd9f174527e1192ca089244188b2dee918e; discord:1247601083501772872; fivem:1087521; license2:31b2e734a1f7dd7e500da1508f32f55a243883d0]
[18:22:55] [96YED#3] SrLonganiza: said "/-chat"
[18:22:58] [96YED#3] SrLonganiza: teleported to coordinates (x=-192.267, y=-1162.312, z=23.468)
[18:23:09] [96YED#3] SrLonganiza: said "/-chat"
[18:23:11] [96YED#3] SrLonganiza: teleported to coordinates (x=-494.206, y=-720.763, z=23.821)
[18:23:32] [96YED#3] SrLonganiza: said "/-chat"
[18:23:34] [96YED#3] SrLonganiza: enabled noclip
[18:23:43] [96YED#3] SrLonganiza: became mortal (standard mode)
[18:35:50] [96YED#3] SrLonganiza: said "/-chat"
[18:36:44] [96YED#3] SrLonganiza: disconnected ([txAdmin] Server restarting (requested by vladimirPuticlub).)
[18:37:46] txAdmin: Logger started
[18:37:52] [Hbdtx#1] SrLonganiza: joined with identifiers [license:d2564bd9f174527e1192ca089244188b2dee918e; discord:1247601083501772872; fivem:1087521; license2:31b2e734a1f7dd7e500da1508f32f55a243883d0]
[18:44:38] [Hbdtx#1] SrLonganiza: disconnected (Exiting)
[18:45:36] txAdmin: Logger started
[18:46:03] [PFKAf#1] SrLonganiza: joined with identifiers [license:d2564bd9f174527e1192ca089244188b2dee918e; discord:1247601083501772872; fivem:1087521; license2:31b2e734a1f7dd7e500da1508f32f55a243883d0]
[18:51:08] [PFKAf#1] SrLonganiza: disconnected (Exiting)
[18:51:41] [PFKAf#2] SrLonganiza: joined with identifiers [license:d2564bd9f174527e1192ca089244188b2dee918e; discord:1247601083501772872; fivem:1087521; license2:31b2e734a1f7dd7e500da1508f32f55a243883d0]
[18:59:58] [PFKAf#2] SrLonganiza: said "/-chat"
[19:00:00] [PFKAf#2] SrLonganiza: teleported to coordinates (x=-817.350, y=3471.200, z=-159.600)
[19:00:02] [PFKAf#2] SrLonganiza: said "/-chat"
[19:00:03] [PFKAf#2] SrLonganiza: enabled noclip
[19:00:11] [PFKAf#2] SrLonganiza: said "/-chat"
[19:00:12] [PFKAf#2] SrLonganiza: became mortal (standard mode)
[19:00:54] [PFKAf#2] SrLonganiza: disconnected (Exiting)
[19:04:14] txAdmin: Logger started
[19:04:35] [8pDwU#1] SrLonganiza: joined with identifiers [license:d2564bd9f174527e1192ca089244188b2dee918e; discord:1247601083501772872; fivem:1087521; license2:31b2e734a1f7dd7e500da1508f32f55a243883d0]
[19:06:19] [8pDwU#1] SrLonganiza: disconnected (Exiting)
[19:06:59] [8pDwU#2] SrLonganiza: joined with identifiers [license:d2564bd9f174527e1192ca089244188b2dee918e; discord:1247601083501772872; fivem:1087521; license2:31b2e734a1f7dd7e500da1508f32f55a243883d0]
[19:07:24] [8pDwU#3] SrLonganiza: joined with identifiers [license:d2564bd9f174527e1192ca089244188b2dee918e; discord:1247601083501772872; fivem:1087521; license2:31b2e734a1f7dd7e500da1508f32f55a243883d0]
[19:08:53] [8pDwU#2] SrLonganiza: said "/-chat"
[19:08:54] [8pDwU#2] SrLonganiza: enabled noclip
[19:08:59] [8pDwU#2] SrLonganiza: became mortal (standard mode)
[19:10:31] [8pDwU#3] SrLonganiza: disconnected (Exiting)
[19:14:15] [8pDwU#2] SrLonganiza: said "/-chat"
[19:14:15] [8pDwU#2] SrLonganiza: enabled noclip
[19:14:26] [8pDwU#2] SrLonganiza: became mortal (standard mode)
[19:14:33] [8pDwU#2] SrLonganiza: said "/-chat"
[19:14:34] [8pDwU#2] SrLonganiza: enabled noclip
[19:14:38] [8pDwU#2] SrLonganiza: became mortal (standard mode)
[19:15:21] [8pDwU#2] SrLonganiza: said "/-chat"
[19:21:33] [8pDwU#2] SrLonganiza: said "/-chat"
[19:21:34] [8pDwU#2] SrLonganiza: enabled noclip
[19:21:38] [8pDwU#2] SrLonganiza: became mortal (standard mode)
[19:21:58] [8pDwU#2] SrLonganiza: said "/-chat"
[19:22:11] [8pDwU#2] SrLonganiza: said "/-chat"
[19:22:56] [8pDwU#2] SrLonganiza: said "/-chat"
[19:22:57] [8pDwU#2] SrLonganiza: enabled noclip
[19:23:01] [8pDwU#2] SrLonganiza: became mortal (standard mode)
[19:23:12] [8pDwU#2] SrLonganiza: said "/-chat"
[19:24:15] [8pDwU#2] SrLonganiza: said "/-chat"
[19:24:16] [8pDwU#2] SrLonganiza: enabled noclip
[19:24:20] [8pDwU#2] SrLonganiza: became mortal (standard mode)
[19:24:39] [8pDwU#2] SrLonganiza: said "/-chat"
[19:25:29] [8pDwU#2] SrLonganiza: said "/-chat"
[19:25:30] [8pDwU#2] SrLonganiza: enabled noclip
[19:25:34] [8pDwU#2] SrLonganiza: became mortal (standard mode)
[19:25:55] [8pDwU#2] SrLonganiza: said "/-chat"
[19:26:49] [8pDwU#2] SrLonganiza: disconnected (Exiting)
[19:27:44] txAdmin: Logger started
[19:28:11] [eQgVE#1] SrLonganiza: joined with identifiers [license:d2564bd9f174527e1192ca089244188b2dee918e; discord:1247601083501772872; fivem:1087521; license2:31b2e734a1f7dd7e500da1508f32f55a243883d0]
[19:36:53] [eQgVE#1] SrLonganiza: disconnected ([txAdmin] Server restarting (requested by vladimirPuticlub).)
[19:37:46] txAdmin: Logger started
[19:38:33] [EHHqw#1] SrLonganiza: joined with identifiers [license:d2564bd9f174527e1192ca089244188b2dee918e; discord:1247601083501772872; fivem:1087521; license2:31b2e734a1f7dd7e500da1508f32f55a243883d0]
[19:40:22] [EHHqw#1] SrLonganiza: said "/-chat"
[19:40:23] [EHHqw#1] SrLonganiza: enabled noclip
[19:40:36] [EHHqw#1] SrLonganiza: became mortal (standard mode)
[19:40:43] [EHHqw#1] SrLonganiza: said "/-chat"
[19:40:44] [EHHqw#1] SrLonganiza: enabled noclip
[19:40:47] [EHHqw#1] SrLonganiza: became mortal (standard mode)
[19:42:34] [EHHqw#1] SrLonganiza: said "/-chat"
[19:42:36] [EHHqw#1] SrLonganiza: teleported to coordinates (x=-814.299, y=-183.800, z=48.166)
[19:42:37] [EHHqw#1] SrLonganiza: teleported to coordinates (x=-821.986, y=-184.837, z=37.569)
[19:43:52] [EHHqw#1] SrLonganiza: said "/-chat"
[19:43:53] [EHHqw#1] SrLonganiza: enabled noclip
[19:43:57] [EHHqw#1] SrLonganiza: became mortal (standard mode)
[19:44:09] [EHHqw#1] SrLonganiza: said "/-chat"
[19:44:58] [EHHqw#1] SrLonganiza: said "/-chat"
[19:44:59] [EHHqw#1] SrLonganiza: enabled noclip
[19:45:04] [EHHqw#1] SrLonganiza: became mortal (standard mode)
[19:45:14] [EHHqw#1] SrLonganiza: said "/-chat"
[19:46:12] [EHHqw#1] SrLonganiza: said "/-chat"
[19:46:13] [EHHqw#1] SrLonganiza: enabled noclip
[19:46:16] [EHHqw#1] SrLonganiza: became mortal (standard mode)
[19:46:38] [EHHqw#1] SrLonganiza: said "/-chat"
[19:47:20] [EHHqw#1] SrLonganiza: said "/-chat"
[19:47:20] [EHHqw#1] SrLonganiza: enabled noclip
[19:47:24] [EHHqw#1] SrLonganiza: became mortal (standard mode)
[19:47:29] [EHHqw#1] SrLonganiza: said "/-chat"
[19:56:49] [EHHqw#1] SrLonganiza: died from suicide (Falling)
[20:37:59] [EHHqw#1] SrLonganiza: disconnected (Exiting)
