
================================================================
======== txAdmin Starting - 2/8/2024 0:01:32                    
================================================================

================================================================
======== Log Rotated - 2/8/2024 0:01:32                         
================================================================
[0:01:52] txAdmin: Logger started
[0:02:53] [GMVja#1] SrLonganiza: joined with identifiers [license:d2564bd9f174527e1192ca089244188b2dee918e; discord:1247601083501772872; fivem:1087521; license2:31b2e734a1f7dd7e500da1508f32f55a243883d0]
[0:04:08] [GMVja#1] SrLonganiza: said "/-chat"
[0:05:27] [GMVja#1] SrLonganiza: said "/-chat"
[0:14:03] [GMVja#1] SrLonganiza: disconnected (Exiting)

================================================================
======== txAdmin Starting - 2/8/2024 3:02:56                    
================================================================
[3:03:15] txAdmin: Logger started
[3:03:46] [hkUWL#1] SrLonganiza: joined with identifiers [license:d2564bd9f174527e1192ca089244188b2dee918e; discord:1247601083501772872; fivem:1087521; license2:31b2e734a1f7dd7e500da1508f32f55a243883d0]
[3:04:46] [hkUWL#1] SrLonganiza: said "/-chat"
[3:05:28] [hkUWL#1] SrLonganiza: disconnected (Exiting)

================================================================
======== txAdmin Starting - 2/8/2024 14:17:50                   
================================================================
[14:18:10] txAdmin: Logger started
[14:18:53] [6xJ4W#1] SrLonganiza: joined with identifiers [license:d2564bd9f174527e1192ca089244188b2dee918e; discord:1247601083501772872; fivem:1087521; license2:31b2e734a1f7dd7e500da1508f32f55a243883d0]
[14:19:58] [6xJ4W#1] SrLonganiza: said "/-chat"
[14:20:01] [6xJ4W#1] SrLonganiza: enabled noclip
[14:20:11] [6xJ4W#1] SrLonganiza: became mortal (standard mode)
[14:25:08] [6xJ4W#1] SrLonganiza: said "/-chat"
[14:25:09] [6xJ4W#1] SrLonganiza: enabled noclip
[14:25:19] [6xJ4W#1] SrLonganiza: became mortal (standard mode)
[14:25:21] [6xJ4W#1] SrLonganiza: said "/-chat"
[14:25:21] [6xJ4W#1] SrLonganiza: enabled noclip
[14:25:26] [6xJ4W#1] SrLonganiza: became mortal (standard mode)
[14:25:27] [6xJ4W#1] SrLonganiza: disconnected (Exiting)
[14:30:12] txAdmin: Logger started
[14:30:40] [MgKgT#1] SrLonganiza: joined with identifiers [license:d2564bd9f174527e1192ca089244188b2dee918e; discord:1247601083501772872; fivem:1087521; license2:31b2e734a1f7dd7e500da1508f32f55a243883d0]
[14:31:56] [MgKgT#1] SrLonganiza: said "/-chat"
[14:34:22] [MgKgT#1] SrLonganiza: disconnected ([txAdmin] Server restarting (requested by vladimirPuticlub).)
[14:34:46] txAdmin: Logger started
[14:35:08] [NjLW4#1] SrLonganiza: joined with identifiers [license:d2564bd9f174527e1192ca089244188b2dee918e; discord:1247601083501772872; fivem:1087521; license2:31b2e734a1f7dd7e500da1508f32f55a243883d0]
[14:36:01] [NjLW4#1] SrLonganiza: said "/-chat"
[14:36:05] [NjLW4#1] SrLonganiza: enabled noclip
[14:36:09] [NjLW4#1] SrLonganiza: became mortal (standard mode)
[14:36:17] [NjLW4#1] SrLonganiza: said "/-chat"
[14:36:19] [NjLW4#1] SrLonganiza: enabled noclip
[14:36:22] [NjLW4#1] SrLonganiza: became mortal (standard mode)
[14:36:25] [NjLW4#1] SrLonganiza: disconnected (Server shutting down: SIGHUP received)
