
================================================================
======== txAdmin Starting - 27/7/2024 11:45:14                  
================================================================

================================================================
======== Log Rotated - 27/7/2024 11:45:15                       
================================================================
[11:46:16] txAdmin: Logger started
[11:46:48] txAdmin: Logger started
[11:48:25] [EcdTy#1] SrLonganiza: joined with identifiers [license:d2564bd9f174527e1192ca089244188b2dee918e; discord:1247601083501772872; fivem:1087521; license2:31b2e734a1f7dd7e500da1508f32f55a243883d0]
[11:49:57] [EcdTy#1] SrLonganiza: said "/-chat"
[11:50:13] [EcdTy#1] SrLonganiza: said "/-chat"
[11:59:45] [EcdTy#1] SrLonganiza: said "/dquit"
[11:59:46] [EcdTy#1] SrLonganiza: disconnected (Exiting)
[12:17:26] txAdmin: Logger started
[12:17:42] [Hpeb9#1] SrLonganiza: joined with identifiers [license:d2564bd9f174527e1192ca089244188b2dee918e; discord:1247601083501772872; fivem:1087521; license2:31b2e734a1f7dd7e500da1508f32f55a243883d0]
[12:22:21] [Hpeb9#1] SrLonganiza: said "/-chat"
[12:22:24] [Hpeb9#1] SrLonganiza: teleported to coordinates (x=4523.390, y=-4468.120, z=6.060)
[12:24:02] [Hpeb9#1] SrLonganiza: said "/wdv"
[12:27:41] [Hpeb9#1] SrLonganiza: disconnected (Exiting)
[12:28:36] txAdmin: Logger started
[12:29:16] [qRQPf#1] SrLonganiza: joined with identifiers [license:d2564bd9f174527e1192ca089244188b2dee918e; discord:1247601083501772872; fivem:1087521; license2:31b2e734a1f7dd7e500da1508f32f55a243883d0]
[12:37:18] [qRQPf#1] SrLonganiza: disconnected (Exiting)
[12:39:36] txAdmin: Logger started
[12:40:05] [dQFfz#1] SrLonganiza: joined with identifiers [license:d2564bd9f174527e1192ca089244188b2dee918e; discord:1247601083501772872; fivem:1087521; license2:31b2e734a1f7dd7e500da1508f32f55a243883d0]
[12:41:30] [dQFfz#1] SrLonganiza: disconnected (Exiting)
[12:42:53] txAdmin: Logger started
[12:51:25] txAdmin: Logger started
[12:51:59] [myCRR#1] SrLonganiza: joined with identifiers [license:d2564bd9f174527e1192ca089244188b2dee918e; discord:1247601083501772872; fivem:1087521; license2:31b2e734a1f7dd7e500da1508f32f55a243883d0]
[12:53:05] [myCRR#1] SrLonganiza: said "/-chat"
[12:53:40] [myCRR#1] SrLonganiza: said "/-chat"
[12:54:49] [myCRR#1] SrLonganiza: said "/-chat"
[12:56:27] [myCRR#1] SrLonganiza: said "/-chat"
[12:57:45] [myCRR#1] SrLonganiza: said "/-chat"
[12:57:46] [myCRR#1] SrLonganiza: said "/-chat"
[12:57:51] [myCRR#1] SrLonganiza: said "/-chat"
[13:00:40] [myCRR#1] SrLonganiza: said "/-chat"
[13:00:42] [myCRR#1] SrLonganiza: teleported to coordinates (x=462.220, y=-641.150, z=28.450)
[13:18:57] [myCRR#1] SrLonganiza: disconnected ([txAdmin] Server restarting (requested by vladimirPuticlub).)
[13:19:56] txAdmin: Logger started
[13:20:02] [8Yq6A#1] SrLonganiza: joined with identifiers [license:d2564bd9f174527e1192ca089244188b2dee918e; discord:1247601083501772872; fivem:1087521; license2:31b2e734a1f7dd7e500da1508f32f55a243883d0]
[13:21:56] [8Yq6A#1] SrLonganiza: said "/-chat"
[13:21:57] [8Yq6A#1] SrLonganiza: enabled noclip
[13:22:00] [8Yq6A#1] SrLonganiza: became mortal (standard mode)
[13:23:17] [8Yq6A#1] SrLonganiza: said "/-chat"
[13:23:18] [8Yq6A#1] SrLonganiza: enabled noclip
[13:23:23] [8Yq6A#1] SrLonganiza: became mortal (standard mode)
[13:24:48] [8Yq6A#1] SrLonganiza: enabled noclip
[13:24:52] [8Yq6A#1] SrLonganiza: became mortal (standard mode)
[13:26:26] [8Yq6A#1] SrLonganiza: said "/-chat"
[13:27:08] [8Yq6A#1] SrLonganiza: said "/-chat"
[13:27:10] [8Yq6A#1] SrLonganiza: enabled noclip
[13:27:22] [8Yq6A#1] SrLonganiza: became mortal (standard mode)
[13:29:29] [8Yq6A#1] SrLonganiza: said "/-chat"
[13:29:30] [8Yq6A#1] SrLonganiza: enabled noclip
[13:30:14] [8Yq6A#1] SrLonganiza: became mortal (standard mode)
[13:36:35] [8Yq6A#1] SrLonganiza: said "/9tpm"
[13:37:46] [8Yq6A#1] SrLonganiza: said "/-chat"
[13:37:48] [8Yq6A#1] SrLonganiza: said "/-chat"
[13:39:04] [8Yq6A#1] SrLonganiza: said "/-chat"
[13:39:12] [8Yq6A#1] SrLonganiza: said "/-chat"
[13:40:23] [8Yq6A#1] SrLonganiza: said "/-chat"
[13:40:24] [8Yq6A#1] SrLonganiza: enabled noclip
[13:40:27] [8Yq6A#1] SrLonganiza: became mortal (standard mode)
[13:46:36] [8Yq6A#1] SrLonganiza: said "/-chat"
[13:46:41] [8Yq6A#1] SrLonganiza: said "/-chat"
[13:46:43] [8Yq6A#1] SrLonganiza: said "/jpb"
[13:46:43] [8Yq6A#1] SrLonganiza: said "/-chat"
[13:46:46] [8Yq6A#1] SrLonganiza: said "/-chat"
[13:46:52] [8Yq6A#1] SrLonganiza: said "/-chat"
[13:47:26] [8Yq6A#1] SrLonganiza: said "/-chat"
[13:47:29] [8Yq6A#1] SrLonganiza: said "/-chat"
[13:47:30] [8Yq6A#1] SrLonganiza: said "/-chat"
[13:47:32] [8Yq6A#1] SrLonganiza: said "/-chat"
[13:47:34] [8Yq6A#1] SrLonganiza: said "/-chat"
[13:47:36] [8Yq6A#1] SrLonganiza: said "/-chat"
[13:47:39] [8Yq6A#1] SrLonganiza: said "/-chat"
[13:47:41] [8Yq6A#1] SrLonganiza: said "/-chat"
[13:53:20] [8Yq6A#1] SrLonganiza: said "/-chat"
[13:53:21] [8Yq6A#1] SrLonganiza: enabled noclip
[13:53:23] [8Yq6A#1] SrLonganiza: became mortal (standard mode)
[13:53:33] [8Yq6A#1] SrLonganiza: said "/-chat"
[13:53:45] [8Yq6A#1] SrLonganiza: said "/-chat"
[13:54:02] [8Yq6A#1] SrLonganiza: said "/-chat"
[13:54:16] [8Yq6A#1] SrLonganiza: said "/-chat"
[13:54:24] [8Yq6A#1] SrLonganiza: said "/-chat"
[13:54:35] [8Yq6A#1] SrLonganiza: said "/-chat"
[13:54:53] [8Yq6A#1] SrLonganiza: said "/-chat"
[13:55:08] [8Yq6A#1] SrLonganiza: said "/-chat"
[13:55:17] [8Yq6A#1] SrLonganiza: said "/-chat"
[13:55:24] [8Yq6A#1] SrLonganiza: said "/-chat"
[13:55:32] [8Yq6A#1] SrLonganiza: said "/-chat"
[13:55:41] [8Yq6A#1] SrLonganiza: said "/-chat"
[13:55:49] [8Yq6A#1] SrLonganiza: said "/-chat"
[13:56:21] [8Yq6A#1] SrLonganiza: said "/-chat"
[13:56:23] [8Yq6A#1] SrLonganiza: said "/-chat"
[13:56:24] [8Yq6A#1] SrLonganiza: said "/-chat"
[13:56:25] [8Yq6A#1] SrLonganiza: said "/-chat"
[14:02:39] [8Yq6A#1] SrLonganiza: said "/-chat"
[14:02:56] [8Yq6A#1] SrLonganiza: said "/-chat"
[14:02:57] [8Yq6A#1] SrLonganiza: enabled noclip
[14:02:59] [8Yq6A#1] SrLonganiza: became mortal (standard mode)
[14:03:01] [8Yq6A#1] SrLonganiza: said "/-chat"
[14:03:02] [8Yq6A#1] SrLonganiza: enabled noclip
[14:03:09] [8Yq6A#1] SrLonganiza: became mortal (standard mode)
[14:04:28] [8Yq6A#1] SrLonganiza: said "/-chat"
[14:04:29] [8Yq6A#1] SrLonganiza: enabled noclip
[14:04:34] [8Yq6A#1] SrLonganiza: became mortal (standard mode)
[14:05:00] [8Yq6A#1] SrLonganiza: said "/-chat"
[14:05:01] [8Yq6A#1] SrLonganiza: enabled noclip
[14:05:03] [8Yq6A#1] SrLonganiza: said "/-chat"
[14:05:05] [8Yq6A#1] SrLonganiza: cleared an area with 300m radius
[14:05:19] [8Yq6A#1] SrLonganiza: said "/-chat"
[14:05:25] [8Yq6A#1] SrLonganiza: said "/setammo 450"
[14:05:26] [8Yq6A#1] SrLonganiza: said "/-chat"
[14:05:27] [8Yq6A#1] SrLonganiza: became mortal (standard mode)
[14:08:06] [8Yq6A#1] SrLonganiza: disconnected (Exiting)
[14:10:59] [8Yq6A#2] SrLonganiza: joined with identifiers [license:d2564bd9f174527e1192ca089244188b2dee918e; discord:1247601083501772872; fivem:1087521; license2:31b2e734a1f7dd7e500da1508f32f55a243883d0]
[15:06:03] [8Yq6A#2] SrLonganiza: said "/-chat"
[15:06:05] [8Yq6A#2] SrLonganiza: teleported to coordinates (x=-913.483, y=108.348, z=55.515)
[15:06:50] [8Yq6A#2] SrLonganiza: said "/-chat"
[15:06:52] [8Yq6A#2] SrLonganiza: said "/CREW"
[15:07:47] [8Yq6A#2] SrLonganiza: said "/-chat"
[15:07:49] [8Yq6A#2] SrLonganiza: said "/spray"
[15:07:57] [8Yq6A#2] SrLonganiza: said "/-chat"
[15:07:59] [8Yq6A#2] SrLonganiza: said "/spray"
[15:08:04] [8Yq6A#2] SrLonganiza: said "/-chat"
[15:08:09] [8Yq6A#2] SrLonganiza: said "/-chat"
[15:08:51] [8Yq6A#2] SrLonganiza: said "/-chat"
[15:08:55] [8Yq6A#2] SrLonganiza: said "/-chat"
[15:09:00] [8Yq6A#2] SrLonganiza: said "/-chat"
[15:09:02] [8Yq6A#2] SrLonganiza: said "/spray"
[15:09:14] [8Yq6A#2] SrLonganiza: said "/-chat"
[15:09:15] [8Yq6A#2] SrLonganiza: enabled noclip
[15:09:32] [8Yq6A#2] SrLonganiza: became mortal (standard mode)
[15:10:06] [8Yq6A#2] SrLonganiza: said "/-chat"
[15:10:08] [8Yq6A#2] SrLonganiza: teleported to coordinates (x=-915.966, y=108.493, z=55.317)
[15:13:48] [8Yq6A#2] SrLonganiza: disconnected ([txAdmin] Server restarting (requested by vladimirPuticlub).)
[15:14:53] txAdmin: Logger started
[15:15:00] [KL7Jz#1] SrLonganiza: joined with identifiers [license:d2564bd9f174527e1192ca089244188b2dee918e; discord:1247601083501772872; fivem:1087521; license2:31b2e734a1f7dd7e500da1508f32f55a243883d0]
[15:16:06] [KL7Jz#1] SrLonganiza: said "/-chat"
[15:16:10] [KL7Jz#1] SrLonganiza: said "/spray"
[15:16:22] [KL7Jz#1] SrLonganiza: disconnected (Exiting)
[15:24:24] txAdmin: Logger started
[15:24:43] [8Rezr#1] SrLonganiza: joined with identifiers [license:d2564bd9f174527e1192ca089244188b2dee918e; discord:1247601083501772872; fivem:1087521; license2:31b2e734a1f7dd7e500da1508f32f55a243883d0]
[15:27:09] [8Rezr#1] SrLonganiza: said "/-chat"
[15:27:11] [8Rezr#1] SrLonganiza: teleported to coordinates (x=-1563.990, y=-441.440, z=36.890)
[15:27:25] [8Rezr#1] SrLonganiza: said "/-chat"
[15:27:30] [8Rezr#1] SrLonganiza: spawned a vehicle (model: jugular)
[15:42:09] [8Rezr#1] SrLonganiza: said "/-chat"
[15:42:10] [8Rezr#1] SrLonganiza: enabled noclip
[15:42:16] [8Rezr#1] SrLonganiza: became mortal (standard mode)
[15:46:11] [8Rezr#1] SrLonganiza: said "/-chat"
[15:47:52] [8Rezr#1] SrLonganiza: said "/-chat"
[15:47:54] [8Rezr#1] SrLonganiza: teleported to coordinates (x=-1563.990, y=-441.440, z=36.890)
[15:47:57] [8Rezr#1] SrLonganiza: enabled noclip
[15:47:59] [8Rezr#1] SrLonganiza: became mortal (standard mode)
[16:01:42] [8Rezr#1] SrLonganiza: disconnected (Exiting)
[16:02:37] txAdmin: Logger started
[16:03:08] [HfJRc#1] SrLonganiza: joined with identifiers [license:d2564bd9f174527e1192ca089244188b2dee918e; discord:1247601083501772872; fivem:1087521; license2:31b2e734a1f7dd7e500da1508f32f55a243883d0]
[16:04:26] [HfJRc#1] SrLonganiza: said "/-chat"
[16:04:27] [HfJRc#1] SrLonganiza: enabled noclip
[16:04:52] [HfJRc#1] SrLonganiza: became mortal (standard mode)
[16:05:08] [HfJRc#1] SrLonganiza: disconnected ([txAdmin] Server restarting (requested by vladimirPuticlub).)
[16:06:07] txAdmin: Logger started
[16:06:14] [QhVLi#1] SrLonganiza: joined with identifiers [license:d2564bd9f174527e1192ca089244188b2dee918e; discord:1247601083501772872; fivem:1087521; license2:31b2e734a1f7dd7e500da1508f32f55a243883d0]
[16:07:21] [QhVLi#1] SrLonganiza: said "/-chat"
[16:07:22] [QhVLi#1] SrLonganiza: enabled noclip
[16:08:05] [QhVLi#1] SrLonganiza: became mortal (standard mode)
[16:08:23] [QhVLi#1] SrLonganiza: died from suicide (Falling)
[16:08:25] [QhVLi#1] SrLonganiza: said "/revive1"
[16:09:37] [QhVLi#1] SrLonganiza: disconnected (Exiting)
[16:28:29] txAdmin: Logger started
[16:30:09] [NcPba#1] SrLonganiza: joined with identifiers [license:d2564bd9f174527e1192ca089244188b2dee918e; discord:1247601083501772872; fivem:1087521; license2:31b2e734a1f7dd7e500da1508f32f55a243883d0]
[16:31:07] [NcPba#1] SrLonganiza: said "/-chat"
[16:31:09] [NcPba#1] SrLonganiza: enabled noclip
[16:31:13] [NcPba#1] SrLonganiza: became mortal (standard mode)
[16:33:26] [NcPba#1] SrLonganiza: said "/-chat"
[16:33:35] [NcPba#1] SrLonganiza: said "/-chat"
[16:33:53] [NcPba#1] SrLonganiza: said "/-chat"
[16:33:56] [NcPba#1] SrLonganiza: teleported to coordinates (x=-150.390, y=221.470, z=95.060)
[16:34:15] [NcPba#1] SrLonganiza: said "/-chat"
[16:34:18] [NcPba#1] SrLonganiza: teleported to coordinates (x=-153.140, y=221.490, z=94.800)
[16:34:34] [NcPba#1] SrLonganiza: said "/-chat"
[16:34:36] [NcPba#1] SrLonganiza: teleported to coordinates (x=-153.140, y=221.490, z=94.800)
[16:34:42] [NcPba#1] SrLonganiza: said "/-chat"
[16:34:43] [NcPba#1] SrLonganiza: enabled noclip
[16:34:47] [NcPba#1] SrLonganiza: became mortal (standard mode)
[16:34:50] [NcPba#1] SrLonganiza: said "/-chat"
[16:45:55] [NcPba#1] SrLonganiza: said "/-chat"
[16:45:56] [NcPba#1] SrLonganiza: enabled noclip
[16:46:07] [NcPba#1] SrLonganiza: became mortal (standard mode)
[16:46:13] [NcPba#1] SrLonganiza: said "/-chat"
[16:47:00] [NcPba#1] SrLonganiza: disconnected ([txAdmin] Server restarting (requested by vladimirPuticlub).)
[16:47:54] txAdmin: Logger started
[16:48:13] [B69nK#1] SrLonganiza: joined with identifiers [license:d2564bd9f174527e1192ca089244188b2dee918e; discord:1247601083501772872; fivem:1087521; license2:31b2e734a1f7dd7e500da1508f32f55a243883d0]
[16:49:22] [B69nK#1] SrLonganiza: said "/-chat"
[16:49:23] [B69nK#1] SrLonganiza: enabled noclip
[16:49:25] [B69nK#1] SrLonganiza: became mortal (standard mode)
[17:05:01] [B69nK#1] SrLonganiza: said "/-chat"
[17:05:07] [B69nK#1] SrLonganiza: said "/-chat"
[17:05:30] [B69nK#1] SrLonganiza: disconnected (Exiting)
[17:06:16] txAdmin: Logger started
[17:16:25] [wn66W#1] SrLonganiza: joined with identifiers [license:d2564bd9f174527e1192ca089244188b2dee918e; discord:1247601083501772872; fivem:1087521; license2:31b2e734a1f7dd7e500da1508f32f55a243883d0]
[17:21:22] [wn66W#1] SrLonganiza: disconnected (Exiting)
[17:22:23] txAdmin: Logger started
[17:23:23] [U9JDK#1] SrLonganiza: joined with identifiers [license:d2564bd9f174527e1192ca089244188b2dee918e; discord:1247601083501772872; fivem:1087521; license2:31b2e734a1f7dd7e500da1508f32f55a243883d0]
[17:29:11] [U9JDK#1] SrLonganiza: said "/-chat"
[18:10:41] [U9JDK#1] SrLonganiza: disconnected (Exiting)
