
================================================================
======== txAdmin Starting - 30/7/2024 10:53:52                  
================================================================

================================================================
======== Log Rotated - 30/7/2024 10:53:52                       
================================================================
[10:54:31] txAdmin: Logger started
[12:32:28] [7dxLK#1] SrLonganiza: joined with identifiers [license:d2564bd9f174527e1192ca089244188b2dee918e; discord:1247601083501772872; fivem:1087521; license2:31b2e734a1f7dd7e500da1508f32f55a243883d0]
[12:32:30] [7dxLK#2] SrLonganiza: joined with identifiers [license:d2564bd9f174527e1192ca089244188b2dee918e; discord:1247601083501772872; fivem:1087521; license2:31b2e734a1f7dd7e500da1508f32f55a243883d0]
[12:33:55] [7dxLK#2] SrLonganiza: disconnected (Server->client connection timed out. Last seen 39856 msec ago.)
[12:34:08] [7dxLK#1] SrLonganiza: disconnected (Server->client connection timed out. Last seen 53067 msec ago.)
[12:34:49] [7dxLK#3] SrLonganiza: joined with identifiers [license:d2564bd9f174527e1192ca089244188b2dee918e; discord:1247601083501772872; fivem:1087521; license2:31b2e734a1f7dd7e500da1508f32f55a243883d0]
[12:34:52] [7dxLK#4] SrLonganiza: joined with identifiers [license:d2564bd9f174527e1192ca089244188b2dee918e; discord:1247601083501772872; fivem:1087521; license2:31b2e734a1f7dd7e500da1508f32f55a243883d0]
[12:36:10] [7dxLK#4] SrLonganiza: said "/-chat"
[12:36:26] [7dxLK#3] SrLonganiza: said "/-chat"
[12:36:28] [7dxLK#3] SrLonganiza: said "/goto 3"
[12:36:29] [7dxLK#3] SrLonganiza: said "/-chat"
[12:36:35] [7dxLK#3] SrLonganiza: teleported to player [#4] SrLonganiza (x=1156.906, y=-470.400, z=66.518)
[12:36:40] [7dxLK#4] SrLonganiza: said "/-chat"
[12:37:03] [7dxLK#4] SrLonganiza: said "/-chat"
[12:37:06] [7dxLK#4] SrLonganiza: said "/setammo 450"
[12:37:07] [7dxLK#4] SrLonganiza: said "/-chat"
[12:37:11] [7dxLK#4] SrLonganiza: said "/setamo 450"
[12:37:14] [7dxLK#4] SrLonganiza: said "/-chat"
[12:37:28] [7dxLK#4] SrLonganiza: said "/giveammo "
[12:37:28] [7dxLK#4] SrLonganiza: said "/-chat"
[12:37:31] [7dxLK#4] SrLonganiza: said "/giveammo  240"
[12:38:04] [7dxLK#3] SrLonganiza: said "/-chat"
[12:38:10] [7dxLK#4] SrLonganiza: said "/-chat"
[12:38:27] [7dxLK#4] SrLonganiza: said "/setammo 240 weapon_pistol "
[12:39:53] [7dxLK#4] SrLonganiza: said "/-chat"
[12:39:56] [7dxLK#4] SrLonganiza: enabled noclip
[12:40:00] [7dxLK#4] SrLonganiza: became mortal (standard mode)
[12:40:43] [7dxLK#4] SrLonganiza: said "/-chat"
[12:40:44] [7dxLK#4] SrLonganiza: said "/txç"
[12:40:45] [7dxLK#4] SrLonganiza: said "/-chat"
[12:40:49] [7dxLK#4] SrLonganiza: teleported to player [#3] SrLonganiza (x=1159.516, y=-468.026, z=66.602)
[12:40:54] [7dxLK#3] SrLonganiza: died from Pistol by SrLonganiza
[12:42:05] [7dxLK#4] SrLonganiza: said "/-chat"
[12:43:22] [7dxLK#4] SrLonganiza: said "/-chat"
[12:43:26] [7dxLK#4] SrLonganiza: said "/-chat"
[12:43:38] [7dxLK#4] SrLonganiza: said "/-chat"
[12:44:07] [7dxLK#4] SrLonganiza: said "/-chat"
[12:44:20] [7dxLK#4] SrLonganiza: said "/-chat"
[12:44:38] [7dxLK#4] SrLonganiza: said "/-chat"
[12:44:51] [7dxLK#4] SrLonganiza: said "/-chat"
[12:45:02] [7dxLK#4] SrLonganiza: said "/-chat"
[12:45:09] [7dxLK#4] SrLonganiza: said "/-chat"
[12:45:24] [7dxLK#4] SrLonganiza: said "/-chat"
[12:45:41] [7dxLK#4] SrLonganiza: said "/-chat"
[12:46:19] [7dxLK#3] SrLonganiza: died from Pistol by SrLonganiza
[12:46:57] [7dxLK#4] SrLonganiza: disconnected (Exiting)
[12:47:17] [7dxLK#3] SrLonganiza: disconnected (Exiting)
[12:49:49] [7dxLK#5] SrLonganiza: joined with identifiers [license:d2564bd9f174527e1192ca089244188b2dee918e; discord:1247601083501772872; fivem:1087521; license2:31b2e734a1f7dd7e500da1508f32f55a243883d0]
[12:49:51] [7dxLK#6] SrLonganiza: joined with identifiers [license:d2564bd9f174527e1192ca089244188b2dee918e; discord:1247601083501772872; fivem:1087521; license2:31b2e734a1f7dd7e500da1508f32f55a243883d0]
[12:51:22] [7dxLK#5] SrLonganiza: died from Pistol by SrLonganiza
[12:52:56] [7dxLK#6] SrLonganiza: disconnected (Exiting)
[12:52:59] [7dxLK#5] SrLonganiza: said "/evive"
[12:53:02] [7dxLK#5] SrLonganiza: disconnected (Exiting)

================================================================
======== txAdmin Starting - 30/7/2024 19:40:26                  
================================================================
[19:41:11] txAdmin: Logger started
[19:41:31] [FNfBy#1] SrLonganiza: joined with identifiers [license:d2564bd9f174527e1192ca089244188b2dee918e; discord:1247601083501772872; fivem:1087521; license2:31b2e734a1f7dd7e500da1508f32f55a243883d0]
[19:45:03] [FNfBy#1] SrLonganiza: said "/-chat"
[19:45:04] [FNfBy#1] SrLonganiza: enabled noclip
[19:45:24] [FNfBy#1] SrLonganiza: said "/-chat"
[19:46:32] [FNfBy#1] SrLonganiza: said "/-chat"
[19:47:59] [FNfBy#1] SrLonganiza: said "/-chat"
[19:48:00] [FNfBy#1] SrLonganiza: became mortal (standard mode)
[19:48:04] [FNfBy#1] SrLonganiza: said "/-answer"
[19:48:16] [FNfBy#1] SrLonganiza: said "/-chat"
[19:48:17] [FNfBy#1] SrLonganiza: enabled noclip
[19:48:56] [FNfBy#1] SrLonganiza: said "/-chat"
[19:49:15] [FNfBy#1] SrLonganiza: said "/-chat"
[19:49:19] [FNfBy#1] SrLonganiza: said "/-chat"
[19:49:33] [FNfBy#1] SrLonganiza: said "/-chat"
[19:49:34] [FNfBy#1] SrLonganiza: became mortal (standard mode)
[19:50:55] [FNfBy#1] SrLonganiza: said "/-chat"
[19:50:57] [FNfBy#1] SrLonganiza: teleported to coordinates (x=-144.507, y=223.638, z=94.987)
[19:58:33] [FNfBy#1] SrLonganiza: said "/-chat"
[19:58:35] [FNfBy#1] SrLonganiza: said "/verctor3"
[19:58:36] [FNfBy#1] SrLonganiza: said "/-chat"
[20:01:36] [FNfBy#1] SrLonganiza: said "/-chat"
[20:01:37] [FNfBy#1] SrLonganiza: enabled noclip
[20:01:40] [FNfBy#1] SrLonganiza: became mortal (standard mode)
[20:05:00] [FNfBy#1] SrLonganiza: disconnected ([txAdmin] Server restarting (requested by vladimirPuticlub).)
[20:05:54] txAdmin: Logger started
[20:06:04] [hyMPq#1] SrLonganiza: joined with identifiers [license:d2564bd9f174527e1192ca089244188b2dee918e; discord:1247601083501772872; fivem:1087521; license2:31b2e734a1f7dd7e500da1508f32f55a243883d0]
[20:07:18] [hyMPq#1] SrLonganiza: said "/-chat"
[20:07:19] [hyMPq#1] SrLonganiza: enabled noclip
[20:07:22] [hyMPq#1] SrLonganiza: became mortal (standard mode)
[20:14:22] [hyMPq#1] SrLonganiza: said "/-chat"
[20:14:23] [hyMPq#1] SrLonganiza: enabled noclip
[20:14:37] [hyMPq#1] SrLonganiza: became mortal (standard mode)
[20:14:38] [hyMPq#1] SrLonganiza: said "/-chat"
[20:34:58] [hyMPq#1] SrLonganiza: said "/-chat"
[20:35:18] [hyMPq#1] SrLonganiza: said "/-chat"
[20:35:18] [hyMPq#1] SrLonganiza: enabled noclip
[20:35:22] [hyMPq#1] SrLonganiza: became mortal (standard mode)
[20:35:36] [hyMPq#1] SrLonganiza: said "/-chat"
[20:39:49] [hyMPq#1] SrLonganiza: said "/-chat"
[20:42:04] [hyMPq#1] SrLonganiza: said "/-chat"
[21:18:19] [hyMPq#1] SrLonganiza: disconnected (Exiting)
